Unable to capture context for thread 34460 in process 36548, can not generate back trace
Unable to capture context for thread 21152 in process 36548, can not generate back trace
Unable to capture context for thread 33000 in process 36548, can not generate back trace
Exception at PC 0x00007FFCEC3D4B89
Unable to capture context for thread 34460 in process 36548, can not generate back trace
Unable to capture context for thread 33000 in process 36548, can not generate back trace
Exception at PC 0x00007FFC5B59BB93
Printing stacktrace...

Exception at PC 0x00007FFCEC3D4B89
Exception at PC 0x00007FFCEC3D4B89
Exception at PC 0x00007FFCEC3D4B89
Exception at PC 0x00007FFCEC3D4B89
Exception at PC 0x00007FFCEC3D4B89
Exception at PC 0x00007FFCEC3D4B89
Exception at PC 0x00007FFCEC3D4B89
Exception at PC 0x00007FFCEC3D4B89
Exception at PC 0x00007FFCEC3D4B89
[0]  [0x00007FFC5B59BB93]
[1]  [0x00007FFC5B59BB93]
[2]  [0x00007FFC5B59B4A1]
[3]  [0x00007FFC5B59B3EF]
[4]  [0x00007FFC5B5819FE]
[5]  [0x00007FFC5B580ED1]
[6]  [0x00007FFC5B580D76]
[7]  [0x00007FFC5B5279F6]
[8]  [0x00007FFC5B517AFB]
[9]  [0x00007FFC5B63E90A]
[10]  [0x00007FFC5B659F87]
[11]  [0x00007FFC5B65A05F]
[12] (BaseThreadInitThunk+0x14) [0x00007FFCEEA87034]
[13] (RtlUserThreadStart+0x21) [0x00007FFCEEBC2651]
Done
Exception at PC 0x00007FFCEC3D4B89
Exception at PC 0x00007FFCEC3D4B89
Exception at PC 0x00007FFCEC3D4B89
Exception at PC 0x00007FFCEC3D4B89
Exception at PC 0x00007FFCEC3D4B89
Exception at PC 0x00007FFCEC3D4B89
Exception at PC 0x00007FFCEC3D4B89
Exception at PC 0x00007FFCEC3D4B89
