Unable to capture context for thread 31616 in process 25172, can not generate back trace
Unable to capture context for thread 5908 in process 25172, can not generate back trace
Exception at PC 0x00007FFCEC3D4B89
Exception at PC 0x00007FFCEC3D4B89
Unable to capture context for thread 23004 in process 25172, can not generate back trace
Exception at PC 0x00007FFCEC3D4B89
Unable to capture context for thread 23004 in process 25172, can not generate back trace
Exception at PC 0x00007FFC5C18BB93
Printing stacktrace...

Exception at PC 0x00007FFCEC3D4B89
Exception at PC 0x00007FFCEC3D4B89
Exception at PC 0x00007FFCEC3D4B89
Exception at PC 0x00007FFCEC3D4B89
Exception at PC 0x00007FFCEC3D4B89
Exception at PC 0x00007FFCEC3D4B89
Exception at PC 0x00007FFCEC3D4B89
Exception at PC 0x00007FFCEC3D4B89
[0]  [0x00007FFC5C18BB93]
[1]  [0x00007FFC5C18BB93]
[2]  [0x00007FFC5C18B4A1]
[3]  [0x00007FFC5C18B3EF]
[4]  [0x00007FFC5C1719FE]
[5]  [0x00007FFC5C170ED1]
[6]  [0x00007FFC5C170D76]
[7]  [0x00007FFC5C1179F6]
[8]  [0x00007FFC5C107AFB]
[9]  [0x00007FFC5C22E90A]
[10]  [0x00007FFC5C249F87]
[11]  [0x00007FFC5C24A05F]
[12] (BaseThreadInitThunk+0x14) [0x00007FFCEEA87034]
[13] (RtlUserThreadStart+0x21) [0x00007FFCEEBC2651]
Done
Exception at PC 0x00007FFCEC3D4B89
Exception at PC 0x00007FFCEC3D4B89
Exception at PC 0x00007FFCEC3D4B89
Exception at PC 0x00007FFCEC3D4B89
Exception at PC 0x00007FFCEC3D4B89
Exception at PC 0x00007FFCEC3D4B89
Exception at PC 0x00007FFCEC3D4B89
