Unable to capture context for thread 30916 in process 10664, can not generate back trace
Unable to capture context for thread 20600 in process 10664, can not generate back trace
Unable to capture context for thread 10776 in process 10664, can not generate back trace
Unable to capture context for thread 28040 in process 10664, can not generate back trace
Exception at PC 0x00007FFCEC3D4B89
Unable to capture context for thread 9132 in process 10664, can not generate back trace
Exception at PC 0x00007FFC59CFBB93
Printing stacktrace...

Exception at PC 0x00007FFCEC3D4B89
Exception at PC 0x00007FFCEC3D4B89
Exception at PC 0x00007FFCEC3D4B89
Exception at PC 0x00007FFCEC3D4B89
Exception at PC 0x00007FFCEC3D4B89
Exception at PC 0x00007FFCEC3D4B89
Exception at PC 0x00007FFCEC3D4B89
Exception at PC 0x00007FFCEC3D4B89
Exception at PC 0x00007FFCEC3D4B89
Exception at PC 0x00007FFCEC3D4B89
[0]  [0x00007FFC59CFBB93]
[1]  [0x00007FFC59CFBB93]
[2]  [0x00007FFC59CFB4A1]
[3]  [0x00007FFC59CFB3EF]
[4]  [0x00007FFC59CE19FE]
[5]  [0x00007FFC59CE0ED1]
[6]  [0x00007FFC59CE0D76]
[7]  [0x00007FFC59C879F6]
[8]  [0x00007FFC59C77AFB]
[9]  [0x00007FFC59D9E90A]
[10]  [0x00007FFC59DB9F87]
[11]  [0x00007FFC59DBA05F]
[12] (BaseThreadInitThunk+0x14) [0x00007FFCEEA87034]
[13] (RtlUserThreadStart+0x21) [0x00007FFCEEBC2651]
Done
Exception at PC 0x00007FFCEC3D4B89
Exception at PC 0x00007FFCEC3D4B89
Exception at PC 0x00007FFCEC3D4B89
Exception at PC 0x00007FFCEC3D4B89
Exception at PC 0x00007FFCEC3D4B89
Exception at PC 0x00007FFCEC3D4B89
Exception at PC 0x00007FFCEC3D4B89
