# do {all_tb_compile.do}
# ** Warning: (vlib-34) Library already exists at "work".
# 
# ** Warning: (vlib-34) Library already exists at "msim".
# 
# ** Warning: (vlib-34) Library already exists at "msim/xil_defaultlib".
# 
# ** Warning: (vlib-34) Library already exists at "msim/dist_mem_gen_v8_0_10".
# 
# Model Technology ModelSim PE vmap 10.4c Lib Mapping Utility 2015.07 Jul 20 2015
# vmap xil_defaultlib msim/xil_defaultlib 
# Modifying modelsim.ini
# Model Technology ModelSim PE vmap 10.4c Lib Mapping Utility 2015.07 Jul 20 2015
# vmap dist_mem_gen_v8_0_10 msim/dist_mem_gen_v8_0_10 
# Modifying modelsim.ini
# ** Warning: (vlog-159) Mode option -64 is not supported in this context and will be ignored.
# 
# Model Technology ModelSim PE vlog 10.4c Compiler 2015.07 Jul 20 2015
# Start time: 10:35:00 on Jul 13,2021
# vlog -64 -incr -work xil_defaultlib ../../../CPU54.srcs/sources_1/new/MULTU.v 
# -- Skipping module MULTU
# 
# Top level modules:
# 	MULTU
# End time: 10:35:00 on Jul 13,2021, Elapsed time: 0:00:00
# Errors: 0, Warnings: 1
# ** Warning: (vlog-159) Mode option -64 is not supported in this context and will be ignored.
# 
# Model Technology ModelSim PE vlog 10.4c Compiler 2015.07 Jul 20 2015
# Start time: 10:35:00 on Jul 13,2021
# vlog -64 -incr -work dist_mem_gen_v8_0_10 ../../../CPU54.ip_user_files/ipstatic/dist_mem_gen_v8_0_10/simulation/dist_mem_gen_v8_0.v 
# -- Skipping module dist_mem_gen_v8_0_10
# 
# Top level modules:
# 	dist_mem_gen_v8_0_10
# End time: 10:35:00 on Jul 13,2021, Elapsed time: 0:00:00
# Errors: 0, Warnings: 1
# ** Warning: (vlog-159) Mode option -64 is not supported in this context and will be ignored.
# 
# Model Technology ModelSim PE vlog 10.4c Compiler 2015.07 Jul 20 2015
# Start time: 10:35:00 on Jul 13,2021
# vlog -64 -incr -work xil_defaultlib ../../../CPU54.srcs/sources_1/ip/dist_mem_gen_0/sim/dist_mem_gen_0.v ../../../CPU54.srcs/sources_1/new/ALU.v ../../../CPU54.srcs/sources_1/new/RegFile.v ../../../CPU54.srcs/sources_1/new/PCreg.v ../../../CPU54.srcs/sources_1/new/MULT.v ../../../CPU54.srcs/sources_1/new/DIVU.v ../../../CPU54.srcs/sources_1/new/DIV.v ../../../CPU54.srcs/sources_1/new/CP0.v ../../../CPU54.srcs/sources_1/new/CPU.v ../../../CPU54.srcs/sources_1/new/CLK_DIV.v ../../../CPU54.srcs/sources_1/new/IMEM.v ../../../CPU54.srcs/sources_1/new/DMEM.v ../../../CPU54.srcs/sources_1/new/sccomp_dataflow.v ../../../CPU54.srcs/sources_1/new/all_tb.v 
# -- Skipping module dist_mem_gen_0
# -- Skipping module ALU
# -- Skipping module RegFile
# -- Skipping module PcReg
# -- Skipping module MULT
# -- Skipping module DIVU
# -- Skipping module DIV
# -- Skipping module CP0
# -- Skipping module CPU
# -- Skipping module CLK_DIV
# -- Skipping module IMEM
# -- Skipping module DMEM
# -- Skipping module sccomp_dataflow
# -- Skipping module all_tb
# 
# Top level modules:
# 	all_tb
# End time: 10:35:00 on Jul 13,2021, Elapsed time: 0:00:00
# Errors: 0, Warnings: 1
# Model Technology ModelSim PE vlog 10.4c Compiler 2015.07 Jul 20 2015
# Start time: 10:35:00 on Jul 13,2021
# vlog -work xil_defaultlib glbl.v 
# -- Compiling module glbl
# 
# Top level modules:
# 	glbl
# End time: 10:35:00 on Jul 13,2021, Elapsed time: 0:00:00
# Errors: 0, Warnings: 0
