Unable to capture context for thread 8852 in process 4088, can not generate back trace
Unable to capture context for thread 13616 in process 4088, can not generate back trace
Unable to capture context for thread 10916 in process 4088, can not generate back trace
Unable to capture context for thread 13428 in process 4088, can not generate back trace
Exception at PC 0x00007FFC48994ED9
Unable to capture context for thread 10580 in process 4088, can not generate back trace
Exception at PC 0x00007FFBC19EBB93
Printing stacktrace...

Unable to capture context for thread 10580 in process 4088, can not generate back trace
Exception at PC 0x00007FFC48994ED9
Exception at PC 0x00007FFC48994ED9
Exception at PC 0x00007FFC48994ED9
Exception at PC 0x00007FFC48994ED9
Exception at PC 0x00007FFC48994ED9
Exception at PC 0x00007FFC48994ED9
Exception at PC 0x00007FFC48994ED9
Exception at PC 0x00007FFC48994ED9
Exception at PC 0x00007FFC48994ED9
Exception at PC 0x00007FFC48994ED9
Exception at PC 0x00007FFC48994ED9
Exception at PC 0x00007FFC48994ED9
Exception at PC 0x00007FFC48994ED9
[0]  [0x00007FFBC19EBB93]
[1]  [0x00007FFBC19EBB93]
[2]  [0x00007FFBC19EB4A1]
[3]  [0x00007FFBC19EB3EF]
[4]  [0x00007FFBC19D19FE]
[5]  [0x00007FFBC19D0ED1]
[6]  [0x00007FFBC19D0D76]
[7]  [0x00007FFBC19779F6]
[8]  [0x00007FFBC1967AFB]
[9]  [0x00007FFBC1A8E90A]
[10]  [0x00007FFBC1AA9F87]
[11]  [0x00007FFBC1AAA05F]
[12] (BaseThreadInitThunk+0x14) [0x00007FFC495E7034]
[13] (RtlUserThreadStart+0x21) [0x00007FFC4B182651]
Done
Exception at PC 0x00007FFC48994ED9
Exception at PC 0x00007FFC48994ED9
Exception at PC 0x00007FFC48994ED9
Exception at PC 0x00007FFC48994ED9
